\BOOKMARK [0][-]{chapter.1}{\376\377\000T\036\325\000n\000g\000\040\000q\000u\000a\000n\000\040\000b\000\340\000i\000\040\000t\000o\000\341\000n\000\040\000v\000\340\000\040\000c\000\341\000c\000\040\000c\000\364\000n\000g\000\040\000t\000r\000\354\000n\000h\000\040\000l\000i\000\352\000n\000\040\000q\000u\000a\000n}{}% 1
\BOOKMARK [1][-]{section.1.1}{\376\377\001\020\036\267\000t\000\040\000v\036\245\000n\000\040\001\021\036\301}{chapter.1}% 2
\BOOKMARK [1][-]{section.1.2}{\376\377\000M\000\364\000\040\000t\036\243\000\040\000k\000h\000\341\000i\000\040\000q\000u\000\341\000t\000\040\000b\000\340\000i\000\040\000t\000o\000\341\000n\000\040\000M\000M\000-\000M\000T\000-\000d\000L\000A\000R\000P}{chapter.1}% 3
\BOOKMARK [1][-]{section.1.3}{\376\377\000T\036\325\000n\000g\000\040\000q\000u\000a\000n\000\040\000v\036\301\000\040\000b\000\340\000i\000\040\000b\000\341\000o\000\040\000g\036\321\000c}{chapter.1}% 4
\BOOKMARK [1][-]{section.1.4}{\376\377\000C\000\341\000c\000\040\000c\000\364\000n\000g\000\040\000t\000r\000\354\000n\000h\000\040\000l\000i\000\352\000n\000\040\000q\000u\000a\000n}{chapter.1}% 5
\BOOKMARK [2][-]{subsection.1.4.1}{\376\377\000C\000\341\000c\000\040\000b\000\340\000i\000\040\000t\000o\000\341\000n\000\040\001\021\036\313\000n\000h\000\040\000t\000u\000y\036\277\000n\000\040\000d\000r\000o\000n\000e}{section.1.4}% 6
\BOOKMARK [2][-]{subsection.1.4.2}{\376\377\000L\000o\000c\000a\000t\000i\000o\000n\000\040\000A\000r\000c\000\040\000R\000o\000u\000t\000i\000n\000g\000\040\000P\000r\000o\000b\000l\000e\000m\000\040\000v\000\340\000\040\000b\000\340\000i\000\040\000t\000o\000\341\000n\000\040\000n\000h\000i\036\301\000u\000\040\000d\000e\000p\000o\000t}{section.1.4}% 7
\BOOKMARK [2][-]{subsection.1.4.3}{\376\377\000C\000\341\000c\000\040\000p\000h\001\260\001\241\000n\000g\000\040\000p\000h\000\341\000p\000\040\000t\000\354\000m\000\040\000k\000i\036\277\000m\000\040\000c\036\345\000c\000\040\000b\036\331\000\040\000c\000h\000o\000\040\000b\000\340\000i\000\040\000t\000o\000\341\000n\000\040\001\021\036\313\000n\000h\000\040\000t\000u\000y\036\277\000n}{section.1.4}% 8
\BOOKMARK [1][-]{section.1.5}{\376\377\001\020\036\313\000n\000h\000\040\000h\001\260\036\333\000n\000g\000\040\000c\036\347\000a\000\040\001\021\036\323\000\040\000\341\000n}{chapter.1}% 9
\BOOKMARK [0][-]{chapter.2}{\376\377\000P\000h\000\341\000t\000\040\000b\000i\036\303\000u\000\040\000b\000\340\000i\000\040\000t\000o\000\341\000n\000\040\000M\000M\000-\000M\000T\000-\000d\000L\000A\000R\000P}{}% 10
\BOOKMARK [1][-]{section.2.1}{\376\377\000M\000\364\000\040\000t\036\243\000\040\000b\000\340\000i\000\040\000t\000o\000\341\000n\000\040\000t\000h\036\361\000c\000\040\000t\036\277}{chapter.2}% 11
\BOOKMARK [1][-]{section.2.2}{\376\377\000C\000\341\000c\000\040\000t\000h\000\340\000n\000h\000\040\000p\000h\036\247\000n\000\040\000c\036\347\000a\000\040\000b\000\340\000i\000\040\000t\000o\000\341\000n}{chapter.2}% 12
\BOOKMARK [2][-]{subsection.2.2.1}{\376\377\000D\000e\000p\000o\000t\000,\000\040\000x\000e\000\040\000t\036\243\000i\000\040\000v\000\340\000\040\000d\000r\000o\000n\000e}{section.2.2}% 13
\BOOKMARK [2][-]{subsection.2.2.2}{\376\377\000T\036\255\000p\000\040\001\021\000i\036\303\000m\000\040\000t\000r\000i\036\303\000n\000\040\000k\000h\000a\000i}{section.2.2}% 14
\BOOKMARK [2][-]{subsection.2.2.3}{\376\377\000T\036\255\000p\000\040\001\021\001\260\036\335\000n\000g\000\040\000c\036\247\000n\000\040\000p\000h\036\345\000c\000\040\000v\036\345}{section.2.2}% 15
\BOOKMARK [2][-]{subsection.2.2.4}{\376\377\000G\000i\036\333\000i\000\040\000h\036\241\000n\000\040\000t\000h\036\335\000i\000\040\000l\001\260\036\343\000n\000g\000\040\000b\000a\000y}{section.2.2}% 16
\BOOKMARK [1][-]{section.2.3}{\376\377\000H\000\340\000m\000\040\000m\036\345\000c\000\040\000t\000i\000\352\000u\000\040\000m\000i\000n\040\023\000m\000a\000x}{chapter.2}% 17
\BOOKMARK [1][-]{section.2.4}{\376\377\000C\000\341\000c\000\040\000r\000\340\000n\000g\000\040\000b\000u\036\331\000c\000\040\000c\000h\000\355\000n\000h}{chapter.2}% 18
\BOOKMARK [2][-]{subsection.2.4.1}{\376\377\000R\000\340\000n\000g\000\040\000b\000u\036\331\000c\000\040\000p\000h\036\345\000c\000\040\000v\036\345\000\040\000t\000o\000\340\000n\000\040\000b\036\331\000\040\000c\036\241\000n\000h\000\040\000y\000\352\000u\000\040\000c\036\247\000u}{section.2.4}% 19
\BOOKMARK [2][-]{subsection.2.4.2}{\376\377\000R\000\340\000n\000g\000\040\000b\000u\036\331\000c\000\040\000m\036\327\000i\000\040\000c\000h\000u\000y\036\277\000n\000\040\000b\000a\000y\000\040\000b\036\257\000t\000\040\001\021\036\247\000u\000\040\000v\000\340\000\040\000k\036\277\000t\000\040\000t\000h\000\372\000c\000\040\000t\036\241\000i\000\040\001\021\000i\036\303\000m\000\040\000t\000r\000i\036\303\000n\000\040\000k\000h\000a\000i}{section.2.4}% 20
\BOOKMARK [2][-]{subsection.2.4.3}{\376\377\000R\000\340\000n\000g\000\040\000b\000u\036\331\000c\000\040\000g\000i\036\333\000i\000\040\000h\036\241\000n\000\040\000t\000h\036\335\000i\000\040\000l\001\260\036\343\000n\000g\000\040\000b\000a\000y}{section.2.4}% 21
\BOOKMARK [2][-]{subsection.2.4.4}{\376\377\000R\000\340\000n\000g\000\040\000b\000u\036\331\000c\000\040\000s\036\321\000\040\001\021\000i\036\303\000m\000\040\000t\000r\000i\036\303\000n\000\040\000k\000h\000a\000i\000\040\001\021\001\260\036\343\000c\000\040\000s\036\355\000\040\000d\036\345\000n\000g}{section.2.4}% 22
\BOOKMARK [1][-]{section.2.5}{\376\377\000R\036\335\000i\000\040\000r\036\241\000c\000\040\000h\000\363\000a\000\040\000b\000\340\000i\000\040\000t\000o\000\341\000n}{chapter.2}% 23
\BOOKMARK [2][-]{subsection.2.5.1}{\376\377\000T\036\353\000\040\000M\000M\000-\000M\000T\000-\000d\000L\000A\000R\000P\000\040\000s\000a\000n\000g\000\040\000M\000M\000-\000M\000T\000-\000L\000A\000R\000P}{section.2.5}% 24
\BOOKMARK [2][-]{subsection.2.5.2}{\376\377\000B\000i\036\303\000u\000\040\000d\000i\036\305\000n\000\040\001\021\001\260\036\335\000n\000g\000\040\000c\000o\000n\000g\000\040\000b\036\261\000n\000g\000\040\000c\000h\000u\036\327\000i\000\040\001\021\000a\000\040\000g\000i\000\341\000c}{section.2.5}% 25
\BOOKMARK [2][-]{subsection.2.5.3}{\376\377\000C\036\241\000n\000h\000\040\000p\000h\036\345\000c\000\040\000v\036\345\000\040\000v\000\340\000\040\000c\036\241\000n\000h\000\040\000b\000a\000y\000\040\000c\000h\036\277\000t}{section.2.5}% 26
\BOOKMARK [1][-]{section.2.6}{\376\377\001\020\036\331\000\040\000k\000h\000\363\000\040\000c\036\347\000a\000\040\000b\000\340\000i\000\040\000t\000o\000\341\000n}{chapter.2}% 27
\BOOKMARK [0][-]{chapter.3}{\376\377\000B\000i\036\303\000u\000\040\000d\000i\036\305\000n\000\040\000n\000g\000h\000i\036\307\000m\000\040\000v\000\340\000\040\000c\000\341\000c\000\040\000t\000o\000\341\000n\000\040\000t\036\355\000\040\000t\000\354\000m\000\040\000k\000i\036\277\000m\000\040\000c\036\345\000c\000\040\000b\036\331}{}% 28
\BOOKMARK [1][-]{section.3.1}{\376\377\000M\036\345\000c\000\040\000t\000i\000\352\000u\000\040\000t\000h\000i\036\277\000t\000\040\000k\036\277}{chapter.3}% 29
\BOOKMARK [1][-]{section.3.2}{\376\377\000D\036\357\000\040\000l\000i\036\307\000u\000\040\000s\000a\000u\000\040\000r\036\335\000i\000\040\000r\036\241\000c\000\040\000h\000\363\000a}{chapter.3}% 30
\BOOKMARK [1][-]{section.3.3}{\376\377\000B\000i\036\303\000u\000\040\000d\000i\036\305\000n\000\040\000n\000g\000h\000i\036\307\000m}{chapter.3}% 31
\BOOKMARK [1][-]{section.3.4}{\376\377\000K\000h\036\337\000i\000\040\000t\036\241\000o\000\040\000n\000g\000h\000i\036\307\000m}{chapter.3}% 32
\BOOKMARK [1][-]{section.3.5}{\376\377\000C\000\341\000c\000\040\000t\000o\000\341\000n\000\040\000t\036\355\000\040\000t\000\354\000m\000\040\000k\000i\036\277\000m\000\040\000c\036\345\000c\000\040\000b\036\331}{chapter.3}% 33
\BOOKMARK [2][-]{subsection.3.5.1}{\376\377\000T\036\321\000i\000\040\001\260\000u\000\040\000t\000r\000o\000n\000g\000\040\000m\036\331\000t\000\040\000c\000h\000u\000y\036\277\000n\000\040\000b\000a\000y}{section.3.5}% 34
\BOOKMARK [2][-]{subsection.3.5.2}{\376\377\000P\000h\000\341\000\040\000v\000\340\000\040\000s\036\355\000a\000\040\000n\000g\000h\000i\036\307\000m}{section.3.5}% 35
\BOOKMARK [2][-]{subsection.3.5.3}{\376\377\000D\036\313\000c\000h\000\040\000c\000h\000u\000y\036\303\000n\000\040\000c\000h\000u\036\327\000i\000\040\0000\040\023}{section.3.5}% 36
\BOOKMARK [2][-]{subsection.3.5.4}{\376\377\000T\000r\000a\000o\000\040\001\021\036\325\000i\000\040\000c\000h\000u\036\327\000i\000\040\0001\040\023\0002}{section.3.5}% 37
\BOOKMARK [2][-]{subsection.3.5.5}{\376\377\000T\036\321\000i\000\040\001\260\000u\000\040\000c\000h\000u\000y\036\277\000n\000\040\000b\000a\000y\000\040\000t\036\241\000i\000\040\001\021\000i\036\303\000m\000\040\000n\000g\000h\036\275\000n}{section.3.5}% 38
\BOOKMARK [1][-]{section.3.6}{\376\377\000V\000a\000r\000i\000a\000b\000l\000e\000\040\000N\000e\000i\000g\000h\000b\000o\000r\000h\000o\000o\000d\000\040\000D\000e\000s\000c\000e\000n\000t}{chapter.3}% 39
\BOOKMARK [1][-]{section.3.7}{\376\377\000V\000a\000r\000i\000a\000b\000l\000e\000\040\000N\000e\000i\000g\000h\000b\000o\000r\000h\000o\000o\000d\000\040\000S\000e\000a\000r\000c\000h}{chapter.3}% 40
\BOOKMARK [1][-]{section.3.8}{\376\377\000L\000a\000r\000g\000e\000\040\000N\000e\000i\000g\000h\000b\000o\000r\000h\000o\000o\000d\000\040\000S\000e\000a\000r\000c\000h}{chapter.3}% 41
\BOOKMARK [1][-]{section.3.9}{\376\377\000T\001\260\001\241\000n\000g\000\040\000t\000h\000\355\000c\000h\000\040\000v\036\333\000i\000\040\000p\000h\000a\000\040\000c\000h\000i\000a\000\040\000n\000h\036\317\000\040\000c\036\241\000n\000h}{chapter.3}% 42
\BOOKMARK [0][-]{chapter.4}{\376\377\000G\000i\036\243\000i\000\040\000t\000h\000u\036\255\000t\000\040\000V\000a\000r\000i\000a\000b\000l\000e\000\040\000N\000e\000i\000g\000h\000b\000o\000r\000h\000o\000o\000d\000\040\000S\000e\000a\000r\000c\000h\000\040\000c\000h\000o\000\040\000M\000M\000-\000M\000T\000-\000d\000L\000A\000R\000P}{}% 43
\BOOKMARK [1][-]{section.4.1}{\376\377\000V\000a\000i\000\040\000t\000r\000\362\000\040\000c\036\347\000a\000\040\000V\000N\000S\000\040\000t\000r\000o\000n\000g\000\040\000b\000\340\000i\000\040\000t\000o\000\341\000n\000\040\000M\000M\000-\000M\000T\000-\000d\000L\000A\000R\000P}{chapter.4}% 44
\BOOKMARK [1][-]{section.4.2}{\376\377\000K\000h\036\337\000i\000\040\000t\036\241\000o\000\040\000n\000g\000h\000i\036\307\000m}{chapter.4}% 45
\BOOKMARK [1][-]{section.4.3}{\376\377\000C\000\341\000c\000\040\000l\000\342\000n\000\040\000c\036\255\000n\000\040\000s\036\355\000\040\000d\036\345\000n\000g\000\040\000t\000r\000o\000n\000g\000\040\000V\000N\000S}{chapter.4}% 46
\BOOKMARK [2][-]{subsection.4.3.1}{\376\377\000T\036\321\000i\000\040\001\260\000u\000\040\000b\000\352\000n\000\040\000t\000r\000o\000n\000g\000\040\000m\036\331\000t\000\040\000c\000h\000u\000y\036\277\000n\000\040\000b\000a\000y}{section.4.3}% 47
\BOOKMARK [2][-]{subsection.4.3.2}{\376\377\000D\000e\000s\000t\000r\000o\000y\040\023\000r\000e\000p\000a\000i\000r\000\040\000t\000r\000\352\000n\000\040\001\021\000i\036\303\000m\000\040\000t\000r\000i\036\303\000n\000\040\000k\000h\000a\000i\000\040\000n\000g\000h\036\275\000n}{section.4.3}% 48
\BOOKMARK [2][-]{subsection.4.3.3}{\376\377\000D\036\313\000c\000h\000\040\000c\000h\000u\000y\036\303\000n\000\040\000c\000h\000u\036\327\000i\000\040\0000\040\023}{section.4.3}% 49
\BOOKMARK [2][-]{subsection.4.3.4}{\376\377\000T\000r\000a\000o\000\040\001\021\036\325\000i\000\040\000c\000h\000u\036\327\000i\000\040\0001\040\023\0002}{section.4.3}% 50
\BOOKMARK [1][-]{section.4.4}{\376\377\000V\000N\000D\000\040\000n\000h\001\260\000\040\000t\000h\036\347\000\040\000t\036\345\000c\000\040\000t\001\003\000n\000g\000\040\000c\001\260\036\335\000n\000g}{chapter.4}% 51
\BOOKMARK [1][-]{section.4.5}{\376\377\000C\001\241\000\040\000c\000h\036\277\000\040\000s\000h\000a\000k\000i\000n\000g}{chapter.4}% 52
\BOOKMARK [1][-]{section.4.6}{\376\377\000K\000h\000u\000n\000g\000\040\000t\000h\000u\036\255\000t\000\040\000t\000o\000\341\000n\000\040\000V\000N\000S}{chapter.4}% 53
\BOOKMARK [1][-]{section.4.7}{\376\377\000T\000h\000a\000m\000\040\000s\036\321\000\040\000c\000h\000\355\000n\000h}{chapter.4}% 54
\BOOKMARK [1][-]{section.4.8}{\376\377\000N\000h\036\255\000n\000\040\000x\000\351\000t}{chapter.4}% 55
\BOOKMARK [0][-]{chapter.5}{\376\377\000G\000i\036\243\000i\000\040\000t\000h\000u\036\255\000t\000\040\000L\000a\000r\000g\000e\000\040\000N\000e\000i\000g\000h\000b\000o\000r\000h\000o\000o\000d\000\040\000S\000e\000a\000r\000c\000h\000\040\000c\000h\000o\000\040\000M\000M\000-\000M\000T\000-\000d\000L\000A\000R\000P}{}% 56
\BOOKMARK [1][-]{section.5.1}{\376\377\000V\000a\000i\000\040\000t\000r\000\362\000\040\000c\036\347\000a\000\040\000L\000N\000S\000\040\000t\000r\000o\000n\000g\000\040\000b\000\340\000i\000\040\000t\000o\000\341\000n\000\040\000M\000M\000-\000M\000T\000-\000d\000L\000A\000R\000P}{chapter.5}% 57
\BOOKMARK [1][-]{section.5.2}{\376\377\000K\000h\036\337\000i\000\040\000t\036\241\000o\000\040\000n\000g\000h\000i\036\307\000m}{chapter.5}% 58
\BOOKMARK [1][-]{section.5.3}{\376\377\000C\001\241\000\040\000c\000h\036\277\000\040\000d\000e\000s\000t\000r\000o\000y\040\023\000r\000e\000p\000a\000i\000r\000\040\000t\000r\000o\000n\000g\000\040\000L\000N\000S}{chapter.5}% 59
\BOOKMARK [2][-]{subsection.5.3.1}{\376\377\000T\000o\000\341\000n\000\040\000t\036\355\000\040\000d\000e\000s\000t\000r\000o\000y}{section.5.3}% 60
\BOOKMARK [2][-]{subsection.5.3.2}{\376\377\000T\000o\000\341\000n\000\040\000t\036\355\000\040\000r\000e\000p\000a\000i\000r}{section.5.3}% 61
\BOOKMARK [1][-]{section.5.4}{\376\377\000T\001\003\000n\000g\000\040\000c\001\260\036\335\000n\000g\000\040\000c\036\345\000c\000\040\000b\036\331\000\040\000s\000a\000u\000\040\000r\000e\000p\000a\000i\000r}{chapter.5}% 62
\BOOKMARK [1][-]{section.5.5}{\376\377\000Q\000u\000y\000\040\000t\036\257\000c\000\040\000c\000h\036\245\000p\000\040\000n\000h\036\255\000n\000\040\000v\000\340\000\040\000c\036\255\000p\000\040\000n\000h\036\255\000t\000\040\000n\000g\000h\000i\036\307\000m}{chapter.5}% 63
\BOOKMARK [1][-]{section.5.6}{\376\377\000P\000h\000a\000\040\000c\000h\000i\000a\000\040\000n\000h\036\317\000\040\001\021\000i\036\303\000m\000\040\000p\000h\036\345\000c\000\040\000v\036\345}{chapter.5}% 64
\BOOKMARK [1][-]{section.5.7}{\376\377\000K\000h\000u\000n\000g\000\040\000t\000h\000u\036\255\000t\000\040\000t\000o\000\341\000n\000\040\000L\000N\000S}{chapter.5}% 65
\BOOKMARK [1][-]{section.5.8}{\376\377\000T\000h\000a\000m\000\040\000s\036\321\000\040\000c\000h\000\355\000n\000h}{chapter.5}% 66
\BOOKMARK [1][-]{section.5.9}{\376\377\000N\000h\036\255\000n\000\040\000x\000\351\000t}{chapter.5}% 67
\BOOKMARK [0][-]{chapter.6}{\376\377\000T\000h\036\361\000c\000\040\000n\000g\000h\000i\036\307\000m\000\040\000v\000\340\000\040\001\021\000\341\000n\000h\000\040\000g\000i\000\341\000\040\000k\036\277\000t\000\040\000q\000u\036\243}{}% 68
\BOOKMARK [1][-]{section.6.1}{\376\377\000M\036\345\000c\000\040\000t\000i\000\352\000u\000\040\000t\000h\036\361\000c\000\040\000n\000g\000h\000i\036\307\000m}{chapter.6}% 69
\BOOKMARK [1][-]{section.6.2}{\376\377\000T\000h\000i\036\277\000t\000\040\000l\036\255\000p\000\040\000t\000h\036\361\000c\000\040\000n\000g\000h\000i\036\307\000m}{chapter.6}% 70
\BOOKMARK [1][-]{section.6.3}{\376\377\000T\036\255\000p\000\040\000c\036\245\000u\000\040\000h\000\354\000n\000h\000\040\000t\000h\036\361\000c\000\040\000n\000g\000h\000i\036\307\000m}{chapter.6}% 71
\BOOKMARK [1][-]{section.6.4}{\376\377\000C\036\245\000u\000\040\000h\000\354\000n\000h\000\040\000t\000h\000a\000m\000\040\000s\036\321\000\040\000c\036\347\000a\000\040\000c\000\341\000c\000\040\000t\000h\000u\036\255\000t\000\040\000t\000o\000\341\000n}{chapter.6}% 72
\BOOKMARK [1][-]{section.6.5}{\376\377\000C\000\341\000c\000h\000\040\000t\036\325\000n\000g\000\040\000h\036\343\000p\000\040\000k\036\277\000t\000\040\000q\000u\036\243}{chapter.6}% 73
\BOOKMARK [1][-]{section.6.6}{\376\377\000K\036\277\000t\000\040\000q\000u\036\243\000\040\000t\036\325\000n\000g\000\040\000h\036\343\000p}{chapter.6}% 74
\BOOKMARK [1][-]{section.6.7}{\376\377\000P\000h\000\342\000n\000\040\000t\000\355\000c\000h\000\040\000k\036\277\000t\000\040\000q\000u\036\243}{chapter.6}% 75
\BOOKMARK [1][-]{section.6.8}{\376\377\000N\000h\036\255\000n\000\040\000x\000\351\000t\000\040\000c\000h\000u\000n\000g}{chapter.6}% 76
\BOOKMARK [0][-]{chapter.7}{\376\377\000K\036\277\000t\000\040\000l\000u\036\255\000n\000\040\000v\000\340\000\040\000h\001\260\036\333\000n\000g\000\040\000p\000h\000\341\000t\000\040\000t\000r\000i\036\303\000n}{}% 77
\BOOKMARK [1][-]{section.7.1}{\376\377\000K\036\277\000t\000\040\000l\000u\036\255\000n\000\040\000c\000h\000u\000n\000g}{chapter.7}% 78
\BOOKMARK [1][-]{section.7.2}{\376\377\000C\000\341\000c\000\040\000k\036\277\000t\000\040\000q\000u\036\243\000\040\001\021\036\241\000t\000\040\001\021\001\260\036\343\000c}{chapter.7}% 79
\BOOKMARK [1][-]{section.7.3}{\376\377\000H\036\241\000n\000\040\000c\000h\036\277}{chapter.7}% 80
\BOOKMARK [1][-]{section.7.4}{\376\377\000H\001\260\036\333\000n\000g\000\040\000p\000h\000\341\000t\000\040\000t\000r\000i\036\303\000n}{chapter.7}% 81
\BOOKMARK [2][-]{subsection.7.4.1}{\376\377\000C\036\243\000i\000\040\000t\000i\036\277\000n\000\040\000V\000N\000S}{section.7.4}% 82
\BOOKMARK [2][-]{subsection.7.4.2}{\376\377\000P\000h\000\341\000t\000\040\000t\000r\000i\036\303\000n\000\040\000L\000N\000S\000\040\000t\000h\000\355\000c\000h\000\040\000n\000g\000h\000i}{section.7.4}% 83
\BOOKMARK [2][-]{subsection.7.4.3}{\376\377\000C\000h\036\241\000y\000\040\000t\000h\036\361\000c\000\040\000n\000g\000h\000i\036\307\000m\000\040\000t\000h\036\321\000n\000g\000\040\000k\000\352\000\040\000r\036\331\000n\000g\000\040\000h\001\241\000n}{section.7.4}% 84
\BOOKMARK [2][-]{subsection.7.4.4}{\376\377\000K\036\277\000t\000\040\000h\036\343\000p\000\040\000v\036\333\000i\000\040\000c\036\255\000n\000\040\000d\001\260\036\333\000i\000\040\000v\000\340\000\040\000m\000\364\000\040\000h\000\354\000n\000h\000\040\000e\000x\000a\000c\000t}{section.7.4}% 85
\BOOKMARK [2][-]{subsection.7.4.5}{\376\377\000C\036\243\000i\000\040\000t\000i\036\277\000n\000\040\000p\000h\000a\000\040\000r\036\335\000i\000\040\000r\036\241\000c\000\040\000h\000\363\000a\000\040\000v\000\340\000\040\000c\000h\000i\000a\000\040\000n\000h\036\317\000\040\000c\036\241\000n\000h}{section.7.4}% 86
\BOOKMARK [2][-]{subsection.7.4.6}{\376\377\000T\036\321\000i\000\040\001\260\000u\000\040\000h\000i\036\307\000u\000\040\000n\001\003\000n\000g\000\040\000c\000\340\000i\000\040\001\021\036\267\000t}{section.7.4}% 87
\BOOKMARK [1][-]{section.7.5}{\376\377\000K\036\277\000t\000\040\000l\000u\036\255\000n\000\040\000c\000u\036\321\000i\000\040\000c\000\371\000n\000g}{chapter.7}% 88
